<?xml version="1.0" encoding="UTF-8"?>
<!-- Generated by org.testng.reporters.JUnitReportReporter -->
<testsuite hostname="OQLE7240JDC5K12" failures="0" tests="2" name="com.crm.qa.testcases.ContactsPageTest" time="65.196" errors="0" timestamp="13 Jun 2018 12:09:41 GMT">
  <testcase classname="com.crm.qa.testcases.ContactsPageTest" name="validateCreateNewContact" time="33.014"/>
  <testcase classname="com.crm.qa.testcases.ContactsPageTest" name="validateCreateNewContact" time="32.182"/>
</testsuite> <!-- com.crm.qa.testcases.ContactsPageTest -->
